<?xml version="1.0" encoding="UTF-8"?>
<!-- Generated by org.testng.reporters.JUnitXMLReporter -->
<testsuite hostname="DESKTOP-FR4OI0B" ignored="0" name="login Test" tests="2" failures="0" timestamp="28 Sep 2019 07:15:13 GMT" time="131.528" errors="0">
  <testcase name="TC_001_LoginTest_LoginWithValidCredential_FreeAccount" time="32.934" classname="loginTestCases.LoginTests"/>
  <testcase name="TC_002_LoginTest_VerifyPageTitle" time="0.414" classname="loginTestCases.LoginTests"/>
</testsuite> <!-- login Test -->
